<?xml version="1.0" encoding="UTF-8"?>
<testsuite name="us.rise8.dataliberationspringwebflux.DataLiberationSpringWebfluxTests" tests="1" skipped="0" failures="0" errors="0" timestamp="2022-05-06T16:55:23" hostname="Jeffreys-MacBook-Pro.local" time="0.37">
  <properties/>
  <testcase name="contextLoads()" classname="us.rise8.dataliberationspringwebflux.DataLiberationSpringWebfluxTests" time="0.37"/>
  <system-out><![CDATA[12:55:16.657 [Test worker] DEBUG org.springframework.test.context.BootstrapUtils - Instantiating CacheAwareContextLoaderDelegate from class [org.springframework.test.context.cache.DefaultCacheAwareContextLoaderDelegate]
12:55:16.669 [Test worker] DEBUG org.springframework.test.context.BootstrapUtils - Instantiating BootstrapContext using constructor [public org.springframework.test.context.support.DefaultBootstrapContext(java.lang.Class,org.springframework.test.context.CacheAwareContextLoaderDelegate)]
12:55:16.715 [Test worker] DEBUG org.springframework.test.context.BootstrapUtils - Instantiating TestContextBootstrapper for test class [us.rise8.dataliberationspringwebflux.DataLiberationSpringWebfluxTests] from class [org.springframework.boot.test.context.SpringBootTestContextBootstrapper]
12:55:16.727 [Test worker] INFO org.springframework.boot.test.context.SpringBootTestContextBootstrapper - Neither @ContextConfiguration nor @ContextHierarchy found for test class [us.rise8.dataliberationspringwebflux.DataLiberationSpringWebfluxTests], using SpringBootContextLoader
12:55:16.731 [Test worker] DEBUG org.springframework.test.context.support.AbstractContextLoader - Did not detect default resource location for test class [us.rise8.dataliberationspringwebflux.DataLiberationSpringWebfluxTests]: class path resource [us/rise8/dataliberationspringwebflux/DataLiberationSpringWebfluxTests-context.xml] does not exist
12:55:16.732 [Test worker] DEBUG org.springframework.test.context.support.AbstractContextLoader - Did not detect default resource location for test class [us.rise8.dataliberationspringwebflux.DataLiberationSpringWebfluxTests]: class path resource [us/rise8/dataliberationspringwebflux/DataLiberationSpringWebfluxTestsContext.groovy] does not exist
12:55:16.733 [Test worker] INFO org.springframework.test.context.support.AbstractContextLoader - Could not detect default resource locations for test class [us.rise8.dataliberationspringwebflux.DataLiberationSpringWebfluxTests]: no resource found for suffixes {-context.xml, Context.groovy}.
12:55:16.734 [Test worker] INFO org.springframework.test.context.support.AnnotationConfigContextLoaderUtils - Could not detect default configuration classes for test class [us.rise8.dataliberationspringwebflux.DataLiberationSpringWebfluxTests]: DataLiberationSpringWebfluxTests does not declare any static, non-private, non-final, nested classes annotated with @Configuration.
12:55:16.777 [Test worker] DEBUG org.springframework.test.context.support.ActiveProfilesUtils - Could not find an 'annotation declaring class' for annotation type [org.springframework.test.context.ActiveProfiles] and class [us.rise8.dataliberationspringwebflux.DataLiberationSpringWebfluxTests]
12:55:16.847 [Test worker] DEBUG org.springframework.context.annotation.ClassPathScanningCandidateComponentProvider - Identified candidate component class: file [/Users/jwills/demo/data-liberation-spring-webflux/build/classes/java/main/us/rise8/dataliberationspringwebflux/DataLiberationSpringWebflux.class]
12:55:16.848 [Test worker] INFO org.springframework.boot.test.context.SpringBootTestContextBootstrapper - Found @SpringBootConfiguration us.rise8.dataliberationspringwebflux.DataLiberationSpringWebflux for test class us.rise8.dataliberationspringwebflux.DataLiberationSpringWebfluxTests
12:55:16.955 [Test worker] DEBUG org.springframework.boot.test.context.SpringBootTestContextBootstrapper - @TestExecutionListeners is not present for class [us.rise8.dataliberationspringwebflux.DataLiberationSpringWebfluxTests]: using defaults.
12:55:16.956 [Test worker] INFO org.springframework.boot.test.context.SpringBootTestContextBootstrapper - Loaded default TestExecutionListener class names from location [META-INF/spring.factories]: [org.springframework.boot.test.autoconfigure.restdocs.RestDocsTestExecutionListener, org.springframework.boot.test.autoconfigure.web.client.MockRestServiceServerResetTestExecutionListener, org.springframework.boot.test.autoconfigure.web.servlet.MockMvcPrintOnlyOnFailureTestExecutionListener, org.springframework.boot.test.autoconfigure.web.servlet.WebDriverTestExecutionListener, org.springframework.boot.test.autoconfigure.webservices.client.MockWebServiceServerTestExecutionListener, org.springframework.boot.test.mock.mockito.MockitoTestExecutionListener, org.springframework.boot.test.mock.mockito.ResetMocksTestExecutionListener, org.springframework.test.context.web.ServletTestExecutionListener, org.springframework.test.context.support.DirtiesContextBeforeModesTestExecutionListener, org.springframework.test.context.event.ApplicationEventsTestExecutionListener, org.springframework.test.context.support.DependencyInjectionTestExecutionListener, org.springframework.test.context.support.DirtiesContextTestExecutionListener, org.springframework.test.context.transaction.TransactionalTestExecutionListener, org.springframework.test.context.jdbc.SqlScriptsTestExecutionListener, org.springframework.test.context.event.EventPublishingTestExecutionListener]
12:55:16.965 [Test worker] DEBUG org.springframework.boot.test.context.SpringBootTestContextBootstrapper - Skipping candidate TestExecutionListener [org.springframework.test.context.web.ServletTestExecutionListener] due to a missing dependency. Specify custom listener classes or make the default listener classes and their required dependencies available. Offending class: [javax/servlet/ServletContext]
12:55:16.968 [Test worker] DEBUG org.springframework.boot.test.context.SpringBootTestContextBootstrapper - Skipping candidate TestExecutionListener [org.springframework.test.context.transaction.TransactionalTestExecutionListener] due to a missing dependency. Specify custom listener classes or make the default listener classes and their required dependencies available. Offending class: [org/springframework/transaction/interceptor/TransactionAttributeSource]
12:55:16.968 [Test worker] DEBUG org.springframework.boot.test.context.SpringBootTestContextBootstrapper - Skipping candidate TestExecutionListener [org.springframework.test.context.jdbc.SqlScriptsTestExecutionListener] due to a missing dependency. Specify custom listener classes or make the default listener classes and their required dependencies available. Offending class: [org/springframework/transaction/interceptor/TransactionAttribute]
12:55:16.969 [Test worker] INFO org.springframework.boot.test.context.SpringBootTestContextBootstrapper - Using TestExecutionListeners: [org.springframework.test.context.support.DirtiesContextBeforeModesTestExecutionListener@7446d8d5, org.springframework.test.context.event.ApplicationEventsTestExecutionListener@5c3b6c6e, org.springframework.boot.test.mock.mockito.MockitoTestExecutionListener@4fbda97b, org.springframework.boot.test.autoconfigure.SpringBootDependencyInjectionTestExecutionListener@75f5fd58, org.springframework.test.context.support.DirtiesContextTestExecutionListener@37b70343, org.springframework.test.context.event.EventPublishingTestExecutionListener@306851c7, org.springframework.boot.test.autoconfigure.restdocs.RestDocsTestExecutionListener@12bcd0c0, org.springframework.boot.test.autoconfigure.web.client.MockRestServiceServerResetTestExecutionListener@4879f0f2, org.springframework.boot.test.autoconfigure.web.servlet.MockMvcPrintOnlyOnFailureTestExecutionListener@47db5fa5, org.springframework.boot.test.autoconfigure.web.servlet.WebDriverTestExecutionListener@354fc8f0, org.springframework.boot.test.autoconfigure.webservices.client.MockWebServiceServerTestExecutionListener@41813449, org.springframework.boot.test.mock.mockito.ResetMocksTestExecutionListener@4678a2eb]
12:55:16.973 [Test worker] DEBUG org.springframework.test.context.support.AbstractDirtiesContextTestExecutionListener - Before test class: context [DefaultTestContext@609640d5 testClass = DataLiberationSpringWebfluxTests, testInstance = [null], testMethod = [null], testException = [null], mergedContextConfiguration = [ReactiveWebMergedContextConfiguration@79da1ec0 testClass = DataLiberationSpringWebfluxTests, locations = '{}', classes = '{class us.rise8.dataliberationspringwebflux.DataLiberationSpringWebflux}', contextInitializerClasses = '[]', activeProfiles = '{}', propertySourceLocations = '{}', propertySourceProperties = '{org.springframework.boot.test.context.SpringBootTestContextBootstrapper=true}', contextCustomizers = set[org.springframework.boot.test.autoconfigure.actuate.metrics.MetricsExportContextCustomizerFactory$DisableMetricExportContextCustomizer@1efe439d, org.springframework.boot.test.autoconfigure.properties.PropertyMappingContextCustomizer@0, org.springframework.boot.test.autoconfigure.web.servlet.WebDriverContextCustomizerFactory$Customizer@30c93896, org.springframework.boot.test.context.filter.ExcludeFilterContextCustomizer@172b013, org.springframework.boot.test.json.DuplicateJsonObjectContextCustomizerFactory$DuplicateJsonObjectContextCustomizer@b4711e2, org.springframework.boot.test.mock.mockito.MockitoContextCustomizer@0, org.springframework.boot.test.web.client.TestRestTemplateContextCustomizer@558bdf1f, org.springframework.boot.test.web.reactive.server.WebTestClientContextCustomizer@78641d23, org.springframework.boot.test.context.SpringBootTestArgs@1, org.springframework.boot.test.context.SpringBootTestWebEnvironment@117e949d], contextLoader = 'org.springframework.boot.test.context.SpringBootContextLoader', parent = [null]], attributes = map[[empty]]], class annotated with @DirtiesContext [false] with mode [null].
12:55:16.991 [Test worker] DEBUG org.springframework.test.context.support.DependencyInjectionTestExecutionListener - Performing dependency injection for test context [[DefaultTestContext@609640d5 testClass = DataLiberationSpringWebfluxTests, testInstance = us.rise8.dataliberationspringwebflux.DataLiberationSpringWebfluxTests@650eab8, testMethod = [null], testException = [null], mergedContextConfiguration = [ReactiveWebMergedContextConfiguration@79da1ec0 testClass = DataLiberationSpringWebfluxTests, locations = '{}', classes = '{class us.rise8.dataliberationspringwebflux.DataLiberationSpringWebflux}', contextInitializerClasses = '[]', activeProfiles = '{}', propertySourceLocations = '{}', propertySourceProperties = '{org.springframework.boot.test.context.SpringBootTestContextBootstrapper=true}', contextCustomizers = set[org.springframework.boot.test.autoconfigure.actuate.metrics.MetricsExportContextCustomizerFactory$DisableMetricExportContextCustomizer@1efe439d, org.springframework.boot.test.autoconfigure.properties.PropertyMappingContextCustomizer@0, org.springframework.boot.test.autoconfigure.web.servlet.WebDriverContextCustomizerFactory$Customizer@30c93896, org.springframework.boot.test.context.filter.ExcludeFilterContextCustomizer@172b013, org.springframework.boot.test.json.DuplicateJsonObjectContextCustomizerFactory$DuplicateJsonObjectContextCustomizer@b4711e2, org.springframework.boot.test.mock.mockito.MockitoContextCustomizer@0, org.springframework.boot.test.web.client.TestRestTemplateContextCustomizer@558bdf1f, org.springframework.boot.test.web.reactive.server.WebTestClientContextCustomizer@78641d23, org.springframework.boot.test.context.SpringBootTestArgs@1, org.springframework.boot.test.context.SpringBootTestWebEnvironment@117e949d], contextLoader = 'org.springframework.boot.test.context.SpringBootContextLoader', parent = [null]], attributes = map['org.springframework.test.context.event.ApplicationEventsTestExecutionListener.recordApplicationEvents' -> false]]].

  .   ____          _            __ _ _
 /\\ / ___'_ __ _ _(_)_ __  __ _ \ \ \ \
( ( )\___ | '_ | '_| | '_ \/ _` | \ \ \ \
 \\/  ___)| |_)| | | | | || (_| |  ) ) ) )
  '  |____| .__|_| |_|_| |_\__, | / / / /
 =========|_|==============|___/=/_/_/_/
 :: Spring Boot ::                (v2.6.7)

2022-05-06 12:55:22.304  INFO 33805 --- [    Test worker] u.r.d.DataLiberationSpringWebfluxTests   : Starting DataLiberationSpringWebfluxTests using Java 17.0.3 on Jeffreys-MacBook-Pro.local with PID 33805 (started by jwills in /Users/jwills/demo/data-liberation-spring-webflux)
2022-05-06 12:55:22.306  INFO 33805 --- [    Test worker] u.r.d.DataLiberationSpringWebfluxTests   : No active profile set, falling back to 1 default profile: "default"
2022-05-06 12:55:23.543  INFO 33805 --- [    Test worker] u.r.d.DataLiberationSpringWebfluxTests   : Started DataLiberationSpringWebfluxTests in 6.523 seconds (JVM running for 7.77)
]]></system-out>
  <system-err><![CDATA[]]></system-err>
</testsuite>
